\BOOKMARK [0][-]{chapter*.1}{\376\377\000D\000\351\000d\000i\000c\000a\000c\000e\000s}{}% 1
\BOOKMARK [0][-]{chapter*.2}{\376\377\000R\000e\000m\000e\000r\000c\000i\000e\000m\000e\000n\000t\000s}{}% 2
\BOOKMARK [0][-]{chapter*.3}{\376\377\000R\000\351\000s\000u\000m\000\351}{}% 3
\BOOKMARK [0][-]{chapter*.4}{\376\377\000L\000i\000s\000t\000e\000\040\000d\000e\000s\000\040\000a\000b\000r\000\351\000v\000i\000a\000t\000i\000o\000n\000s}{}% 4
\BOOKMARK [0][-]{chapter*.6}{\376\377\000L\000i\000s\000t\000e\000\040\000d\000e\000s\000\040\000f\000i\000g\000u\000r\000e\000s}{}% 5
\BOOKMARK [0][-]{chapter*.7}{\376\377\000L\000i\000s\000t\000e\000\040\000d\000e\000s\000\040\000t\000a\000b\000l\000e\000a\000u\000x}{}% 6
\BOOKMARK [0][-]{chapter*.8}{\376\377\000I\000n\000t\000r\000o\000d\000u\000c\000t\000i\000o\000n\000\040\000g\000\351\000n\000\351\000r\000a\000l\000e}{}% 7
\BOOKMARK [0][-]{chapter.1}{\376\377\000C\000o\000n\000t\000e\000x\000t\000e\000\040\000g\000\351\000n\000\351\000r\000a\000l}{}% 8
\BOOKMARK [1][-]{section*.9}{\376\377\000I\000n\000t\000r\000o\000d\000u\000c\000t\000i\000o\000n}{chapter.1}% 9
\BOOKMARK [1][-]{section.1.1}{\376\377\000C\000o\000n\000t\000e\000x\000t\000e\000\040\000m\000\351\000t\000i\000e\000r}{chapter.1}% 10
\BOOKMARK [1][-]{section.1.2}{\376\377\000P\000r\000o\000b\000l\000\351\000m\000a\000t\000i\000q\000u\000e}{chapter.1}% 11
\BOOKMARK [1][-]{section.1.3}{\376\377\000\311\000t\000u\000d\000e\000\040\000d\000e\000\040\000l\000'\000e\000x\000i\000s\000t\000a\000n\000t}{chapter.1}% 12
\BOOKMARK [1][-]{section.1.4}{\376\377\000O\000b\000j\000e\000c\000t\000i\000f\000s\000\040\000d\000u\000\040\000p\000r\000o\000j\000e\000t}{chapter.1}% 13
\BOOKMARK [1][-]{section.1.5}{\376\377\000P\000\351\000r\000i\000m\000\350\000t\000r\000e\000\040\000f\000o\000n\000c\000t\000i\000o\000n\000n\000e\000l\000\040\000r\000e\000t\000e\000n\000u}{chapter.1}% 14
\BOOKMARK [1][-]{section.1.6}{\376\377\000P\000l\000a\000n\000i\000f\000i\000c\000a\000t\000i\000o\000n}{chapter.1}% 15
\BOOKMARK [1][-]{section.1.7}{\376\377\000M\000\351\000t\000h\000o\000d\000o\000l\000o\000g\000i\000e\000\040\000d\000e\000\040\000t\000r\000a\000v\000a\000i\000l}{chapter.1}% 16
\BOOKMARK [1][-]{section.1.8}{\376\377\000R\000\351\000p\000a\000r\000t\000i\000t\000i\000o\000n\000\040\000d\000u\000\040\000t\000r\000a\000v\000a\000i\000l}{chapter.1}% 17
\BOOKMARK [1][-]{section*.10}{\376\377\000C\000o\000n\000c\000l\000u\000s\000i\000o\000n}{chapter.1}% 18
\BOOKMARK [0][-]{chapter.2}{\376\377\000A\000n\000a\000l\000y\000s\000e\000\040\000d\000e\000s\000\040\000b\000e\000s\000o\000i\000n\000s\000\040\000e\000t\000\040\000c\000o\000n\000c\000e\000p\000t\000i\000o\000n}{}% 19
\BOOKMARK [1][-]{section.2.1}{\376\377\000A\000c\000t\000e\000u\000r\000s\000\040\000d\000u\000\040\000s\000y\000s\000t\000\350\000m\000e}{chapter.2}% 20
\BOOKMARK [1][-]{section.2.2}{\376\377\000B\000e\000s\000o\000i\000n\000s\000\040\000f\000o\000n\000c\000t\000i\000o\000n\000n\000e\000l\000s}{chapter.2}% 21
\BOOKMARK [1][-]{section.2.3}{\376\377\000B\000e\000s\000o\000i\000n\000s\000\040\000n\000o\000n\000\040\000f\000o\000n\000c\000t\000i\000o\000n\000n\000e\000l\000s}{chapter.2}% 22
\BOOKMARK [1][-]{section.2.4}{\376\377\000D\000i\000a\000g\000r\000a\000m\000m\000e\000s\000\040\000d\000e\000\040\000c\000a\000s\000\040\000d\000'\000u\000t\000i\000l\000i\000s\000a\000t\000i\000o\000n}{chapter.2}% 23
\BOOKMARK [1][-]{section.2.5}{\376\377\000D\000i\000a\000g\000r\000a\000m\000m\000e\000\040\000d\000e\000\040\000c\000l\000a\000s\000s\000e\000s}{chapter.2}% 24
\BOOKMARK [1][-]{section.2.6}{\376\377\000D\000i\000a\000g\000r\000a\000m\000m\000e\000s\000\040\000d\000e\000\040\000s\000\351\000q\000u\000e\000n\000c\000e}{chapter.2}% 25
\BOOKMARK [2][-]{subsection.2.6.1}{\376\377\000A\000u\000t\000h\000e\000n\000t\000i\000f\000i\000c\000a\000t\000i\000o\000n\000\040\000s\000t\000a\000f\000f}{section.2.6}% 26
\BOOKMARK [2][-]{subsection.2.6.2}{\376\377\000P\000r\000i\000s\000e\000\040\000d\000e\000\040\000c\000o\000m\000m\000a\000n\000d\000e\000\040\000e\000t\000\040\000e\000n\000v\000o\000i\000\040\000v\000e\000r\000s\000\040\000l\000e\000\040\000K\000D\000S}{section.2.6}% 27
\BOOKMARK [2][-]{subsection.2.6.3}{\376\377\000C\000r\000\351\000a\000t\000i\000o\000n\000\040\000d\000'\000u\000n\000\040\000a\000v\000i\000s\000\040\000c\000l\000i\000e\000n\000t\000\040\000e\000t\000\040\000a\000n\000a\000l\000y\000s\000e\000\040\000d\000e\000\040\000s\000e\000n\000t\000i\000m\000e\000n\000t}{section.2.6}% 28
\BOOKMARK [1][-]{section.2.7}{\376\377\000M\000o\000d\000\350\000l\000e\000\040\000l\000o\000g\000i\000q\000u\000e\000\040\000d\000e\000\040\000d\000o\000n\000n\000\351\000e\000s}{chapter.2}% 29
\BOOKMARK [1][-]{section.2.8}{\376\377\000R\000\350\000g\000l\000e\000s\000\040\000m\000\351\000t\000i\000e\000r\000\040\000p\000r\000i\000n\000c\000i\000p\000a\000l\000e\000s}{chapter.2}% 30
\BOOKMARK [1][-]{section.2.9}{\376\377\000A\000r\000c\000h\000i\000t\000e\000c\000t\000u\000r\000e\000\040\000f\000o\000n\000c\000t\000i\000o\000n\000n\000e\000l\000l\000e\000\040\000c\000i\000b\000l\000e}{chapter.2}% 31
\BOOKMARK [1][-]{section*.11}{\376\377\000C\000o\000n\000c\000l\000u\000s\000i\000o\000n}{chapter.2}% 32
\BOOKMARK [0][-]{chapter.3}{\376\377\000A\000n\000a\000l\000y\000s\000e\000\040\000d\000e\000\040\000s\000e\000n\000t\000i\000m\000e\000n\000t\000\040\000e\000t\000\040\000c\000h\000o\000i\000x\000\040\000d\000u\000\040\000m\000o\000d\000\350\000l\000e}{}% 33
\BOOKMARK [1][-]{section*.12}{\376\377\000I\000n\000t\000r\000o\000d\000u\000c\000t\000i\000o\000n}{chapter.3}% 34
\BOOKMARK [1][-]{section.3.1}{\376\377\000F\000o\000n\000d\000e\000m\000e\000n\000t\000s\000\040\000t\000h\000\351\000o\000r\000i\000q\000u\000e\000s}{chapter.3}% 35
\BOOKMARK [2][-]{subsection.3.1.1}{\376\377\000I\000n\000t\000e\000l\000l\000i\000g\000e\000n\000c\000e\000\040\000a\000r\000t\000i\000f\000i\000c\000i\000e\000l\000l\000e\000,\000\040\000M\000a\000c\000h\000i\000n\000e\000\040\000L\000e\000a\000r\000n\000i\000n\000g\000\040\000e\000t\000\040\000D\000e\000e\000p\000\040\000L\000e\000a\000r\000n\000i\000n\000g}{section.3.1}% 36
\BOOKMARK [2][-]{subsection.3.1.2}{\376\377\000S\000e\000n\000t\000i\000m\000e\000n\000t\000s\000\040\000e\000t\000\040\000o\000p\000i\000n\000i\000o\000n\000s}{section.3.1}% 37
\BOOKMARK [2][-]{subsection.3.1.3}{\376\377\000T\000r\000a\000i\000t\000e\000m\000e\000n\000t\000\040\000d\000u\000\040\000l\000a\000n\000g\000a\000g\000e\000\040\000n\000a\000t\000u\000r\000e\000l\000\040\000\050\000N\000L\000P\000\051}{section.3.1}% 38
\BOOKMARK [2][-]{subsection.3.1.4}{\376\377\000R\000e\000v\000u\000e\000\040\000d\000e\000\040\000l\000a\000\040\000l\000i\000t\000t\000\351\000r\000a\000t\000u\000r\000e}{section.3.1}% 39
\BOOKMARK [1][-]{section.3.2}{\376\377\000P\000r\000o\000c\000\351\000d\000u\000r\000e\000\040\000d\000e\000\040\000t\000r\000a\000i\000t\000e\000m\000e\000n\000t\000\040\000d\000e\000s\000\040\000a\000v\000i\000s\000\040\000t\000e\000x\000t\000u\000e\000l\000s}{chapter.3}% 40
\BOOKMARK [2][-]{subsection.3.2.1}{\376\377\000C\000o\000l\000l\000e\000c\000t\000e\000\040\000d\000e\000\040\000d\000o\000n\000n\000\351\000e\000s\000\040\000e\000t\000\040\000p\000r\000\351\000t\000r\000a\000i\000t\000e\000m\000e\000n\000t}{section.3.2}% 41
\BOOKMARK [2][-]{subsection.3.2.2}{\376\377\000V\000e\000c\000t\000o\000r\000i\000s\000a\000t\000i\000o\000n\000\040\000d\000u\000\040\000t\000e\000x\000t\000e\000\040\000\050\000W\000o\000r\000d\000\040\000E\000m\000b\000e\000d\000d\000i\000n\000g\000\051}{section.3.2}% 42
\BOOKMARK [2][-]{subsection.3.2.3}{\376\377\000C\000l\000a\000s\000s\000i\000f\000i\000c\000a\000t\000i\000o\000n}{section.3.2}% 43
\BOOKMARK [1][-]{section.3.3}{\376\377\000R\000\364\000l\000e\000\040\000d\000e\000\040\000l\000'\000a\000n\000a\000l\000y\000s\000e\000\040\000d\000e\000\040\000s\000e\000n\000t\000i\000m\000e\000n\000t\000\040\000d\000a\000n\000s\000\040\000T\000a\000s\000t\000i\000f\000y}{chapter.3}% 44
\BOOKMARK [1][-]{section.3.4}{\376\377\000D\000o\000n\000n\000\351\000e\000s\000\040\000u\000t\000i\000l\000i\000s\000\351\000e\000s}{chapter.3}% 45
\BOOKMARK [1][-]{section.3.5}{\376\377\000P\000i\000p\000e\000l\000i\000n\000e\000\040\000t\000e\000c\000h\000n\000i\000q\000u\000e}{chapter.3}% 46
\BOOKMARK [1][-]{section.3.6}{\376\377\000M\000o\000d\000\350\000l\000e\000\040\000r\000\351\000e\000l\000l\000e\000m\000e\000n\000t\000\040\000u\000t\000i\000l\000i\000s\000\351}{chapter.3}% 47
\BOOKMARK [1][-]{section.3.7}{\376\377\000C\000o\000n\000v\000e\000r\000s\000i\000o\000n\000\040\000d\000e\000s\000\040\000s\000o\000r\000t\000i\000e\000s}{chapter.3}% 48
\BOOKMARK [1][-]{section.3.8}{\376\377\000C\000o\000m\000p\000a\000r\000a\000i\000s\000o\000n\000\040\000a\000v\000e\000c\000\040\000d\000e\000s\000\040\000a\000l\000t\000e\000r\000n\000a\000t\000i\000v\000e\000s}{chapter.3}% 49
\BOOKMARK [1][-]{section.3.9}{\376\377\000J\000u\000s\000t\000i\000f\000i\000c\000a\000t\000i\000o\000n\000\040\000d\000u\000\040\000c\000h\000o\000i\000x}{chapter.3}% 50
\BOOKMARK [1][-]{section.3.10}{\376\377\000\311\000v\000a\000l\000u\000a\000t\000i\000o\000n\000\040\000e\000x\000p\000\351\000r\000i\000m\000e\000n\000t\000a\000l\000e\000\040\000e\000t\000\040\000m\000\351\000t\000r\000i\000q\000u\000e\000s}{chapter.3}% 51
\BOOKMARK [2][-]{subsection.3.10.1}{\376\377\000P\000r\000o\000t\000o\000c\000o\000l\000e\000\040\000d\000'\000\351\000v\000a\000l\000u\000a\000t\000i\000o\000n\000\040\000e\000t\000\040\000c\000o\000r\000p\000u\000s}{section.3.10}% 52
\BOOKMARK [2][-]{subsection.3.10.2}{\376\377\000M\000a\000t\000r\000i\000c\000e\000s\000\040\000d\000e\000\040\000c\000o\000n\000f\000u\000s\000i\000o\000n\000\040\000e\000t\000\040\000a\000n\000a\000l\000y\000s\000e}{section.3.10}% 53
\BOOKMARK [2][-]{subsection.3.10.3}{\376\377\000C\000a\000l\000c\000u\000l\000\040\000d\000e\000s\000\040\000m\000\351\000t\000r\000i\000q\000u\000e\000s\000\040\000d\000e\000\040\000p\000e\000r\000f\000o\000r\000m\000a\000n\000c\000e}{section.3.10}% 54
\BOOKMARK [1][-]{section.3.11}{\376\377\000L\000i\000m\000i\000t\000e\000s\000\040\000d\000e\000\040\000l\000a\000\040\000f\000o\000n\000c\000t\000i\000o\000n\000n\000a\000l\000i\000t\000\351}{chapter.3}% 55
\BOOKMARK [1][-]{section*.13}{\376\377\000C\000o\000n\000c\000l\000u\000s\000i\000o\000n}{chapter.3}% 56
\BOOKMARK [0][-]{chapter.4}{\376\377\000A\000r\000c\000h\000i\000t\000e\000c\000t\000u\000r\000e\000\040\000t\000e\000c\000h\000n\000i\000q\000u\000e\000\040\000e\000t\000\040\000r\000\351\000a\000l\000i\000s\000a\000t\000i\000o\000n}{}% 57
\BOOKMARK [1][-]{section*.14}{\376\377\000I\000n\000t\000r\000o\000d\000u\000c\000t\000i\000o\000n}{chapter.4}% 58
\BOOKMARK [1][-]{section.4.1}{\376\377\000S\000t\000a\000c\000k\000\040\000t\000e\000c\000h\000n\000i\000q\000u\000e}{chapter.4}% 59
\BOOKMARK [1][-]{section.4.2}{\376\377\000A\000r\000c\000h\000i\000t\000e\000c\000t\000u\000r\000e\000\040\000g\000l\000o\000b\000a\000l\000e}{chapter.4}% 60
\BOOKMARK [1][-]{section.4.3}{\376\377\000O\000r\000g\000a\000n\000i\000s\000a\000t\000i\000o\000n\000\040\000d\000u\000\040\000b\000a\000c\000k\000e\000n\000d}{chapter.4}% 61
\BOOKMARK [1][-]{section.4.4}{\376\377\000A\000P\000I\000\040\000R\000E\000S\000T\000\040\000e\000t\000\040\000d\000o\000c\000u\000m\000e\000n\000t\000a\000t\000i\000o\000n}{chapter.4}% 62
\BOOKMARK [1][-]{section.4.5}{\376\377\000A\000u\000t\000h\000e\000n\000t\000i\000f\000i\000c\000a\000t\000i\000o\000n\000\040\000e\000t\000\040\000s\000\351\000c\000u\000r\000i\000t\000\351}{chapter.4}% 63
\BOOKMARK [1][-]{section.4.6}{\376\377\000T\000e\000m\000p\000s\000\040\000r\000\351\000e\000l\000\040\000e\000t\000\040\000K\000i\000t\000c\000h\000e\000n\000\040\000D\000i\000s\000p\000l\000a\000y\000\040\000S\000y\000s\000t\000e\000m}{chapter.4}% 64
\BOOKMARK [1][-]{section.4.7}{\376\377\000A\000p\000p\000l\000i\000c\000a\000t\000i\000o\000n\000s\000\040\000f\000r\000o\000n\000t\000e\000n\000d}{chapter.4}% 65
\BOOKMARK [1][-]{section.4.8}{\376\377\000P\000a\000i\000e\000m\000e\000n\000t\000\040\000e\000t\000\040\000f\000i\000d\000\351\000l\000i\000t\000\351}{chapter.4}% 66
\BOOKMARK [1][-]{section.4.9}{\376\377\000S\000t\000o\000c\000k\000s\000\040\000e\000t\000\040\000p\000r\000\351\000v\000i\000s\000i\000o\000n\000\040\000s\000i\000m\000p\000l\000e}{chapter.4}% 67
\BOOKMARK [1][-]{section.4.10}{\376\377\000M\000o\000t\000e\000u\000r\000\040\000d\000e\000\040\000r\000e\000c\000o\000m\000m\000a\000n\000d\000a\000t\000i\000o\000n\000\040\000d\000e\000\040\000p\000l\000a\000t\000s}{chapter.4}% 68
\BOOKMARK [1][-]{section.4.11}{\376\377\000I\000n\000t\000e\000r\000f\000a\000c\000e\000s\000\040\000r\000\351\000a\000l\000i\000s\000\351\000e\000s}{chapter.4}% 69
\BOOKMARK [1][-]{section.4.12}{\376\377\000D\000\351\000p\000l\000o\000i\000e\000m\000e\000n\000t\000\040\000D\000o\000c\000k\000e\000r\000\040\000C\000o\000m\000p\000o\000s\000e}{chapter.4}% 70
\BOOKMARK [1][-]{section*.15}{\376\377\000C\000o\000n\000c\000l\000u\000s\000i\000o\000n}{chapter.4}% 71
\BOOKMARK [0][-]{chapter.5}{\376\377\000T\000e\000s\000t\000s\000,\000\040\000v\000a\000l\000i\000d\000a\000t\000i\000o\000n\000,\000\040\000l\000i\000m\000i\000t\000e\000s\000\040\000e\000t\000\040\000p\000e\000r\000s\000p\000e\000c\000t\000i\000v\000e\000s}{}% 72
\BOOKMARK [1][-]{section*.16}{\376\377\000I\000n\000t\000r\000o\000d\000u\000c\000t\000i\000o\000n}{chapter.5}% 73
\BOOKMARK [1][-]{section.5.1}{\376\377\000S\000t\000r\000a\000t\000\351\000g\000i\000e\000\040\000d\000e\000\040\000t\000e\000s\000t\000s}{chapter.5}% 74
\BOOKMARK [1][-]{section.5.2}{\376\377\000R\000\351\000s\000u\000l\000t\000a\000t\000s\000\040\000e\000x\000\351\000c\000u\000t\000\351\000s}{chapter.5}% 75
\BOOKMARK [1][-]{section.5.3}{\376\377\000T\000e\000s\000t\000s\000\040\000b\000a\000c\000k\000e\000n\000d}{chapter.5}% 76
\BOOKMARK [1][-]{section.5.4}{\376\377\000T\000e\000s\000t\000s\000\040\000f\000r\000o\000n\000t\000e\000n\000d\000\040\000e\000t\000\040\000e\000n\000d\000-\000t\000o\000-\000e\000n\000d}{chapter.5}% 77
\BOOKMARK [1][-]{section.5.5}{\376\377\000V\000a\000l\000i\000d\000a\000t\000i\000o\000n\000\040\000d\000e\000\040\000l\000'\000a\000n\000a\000l\000y\000s\000e\000\040\000d\000e\000\040\000s\000e\000n\000t\000i\000m\000e\000n\000t}{chapter.5}% 78
\BOOKMARK [1][-]{section.5.6}{\376\377\000T\000e\000s\000t\000s\000\040\000d\000e\000\040\000c\000h\000a\000r\000g\000e}{chapter.5}% 79
\BOOKMARK [1][-]{section.5.7}{\376\377\000L\000i\000m\000i\000t\000e\000s\000\040\000d\000u\000\040\000p\000r\000o\000j\000e\000t}{chapter.5}% 80
\BOOKMARK [1][-]{section.5.8}{\376\377\000P\000e\000r\000s\000p\000e\000c\000t\000i\000v\000e\000s}{chapter.5}% 81
\BOOKMARK [1][-]{section*.17}{\376\377\000C\000o\000n\000c\000l\000u\000s\000i\000o\000n}{chapter.5}% 82
\BOOKMARK [0][-]{chapter*.18}{\376\377\000C\000o\000n\000c\000l\000u\000s\000i\000o\000n\000\040\000g\000\351\000n\000\351\000r\000a\000l\000e}{}% 83
\BOOKMARK [0][-]{chapter*.18}{\376\377\000B\000i\000b\000l\000i\000o\000g\000r\000a\000p\000h\000i\000e}{}% 84
\BOOKMARK [0][-]{appendix.A}{\376\377\000A\000n\000n\000e\000x\000e\000s}{}% 85
\BOOKMARK [1][-]{section.A.1}{\376\377\000C\000o\000m\000m\000a\000n\000d\000e\000s\000\040\000d\000e\000\040\000d\000\351\000p\000l\000o\000i\000e\000m\000e\000n\000t\000\040\000e\000t\000\040\000d\000e\000\040\000t\000e\000s\000t}{appendix.A}% 86
\BOOKMARK [2][-]{subsection.A.1.1}{\376\377\000C\000o\000m\000p\000i\000l\000a\000t\000i\000o\000n\000\040\000d\000u\000\040\000r\000a\000p\000p\000o\000r\000t\000\040\000L\000a\000T\000e\000X}{section.A.1}% 87
\BOOKMARK [2][-]{subsection.A.1.2}{\376\377\000L\000a\000n\000c\000e\000m\000e\000n\000t\000\040\000e\000t\000\040\000t\000e\000s\000t\000s\000\040\000d\000e\000\040\000l\000a\000\040\000c\000o\000d\000e\000b\000a\000s\000e}{section.A.1}% 88
